<?xml version="1.0" encoding="UTF-8"?>
<!-- Generated by org.testng.reporters.JUnitReportReporter -->
<testsuite name="Test.search2" tests="1" time="0.403" ignored="0" failures="0" timestamp="11 Oct 2020 10:29:10 GMT" skipped="0" hostname="dell-PC" errors="0">
  <testcase name="SearchGooogle" time="0.403" classname="Test.search2"/>
</testsuite> <!-- Test.search2 -->
