<?xml version="1.0" encoding="UTF-8"?>
<!-- Generated by org.testng.reporters.JUnitReportReporter -->
<testsuite name="Test.ParallerBrowserTest" tests="2" time="72.740" ignored="0" failures="0" timestamp="17 Oct 2020 15:29:40 GMT" skipped="0" hostname="dell-PC" errors="0">
  <testcase name="testcase1" time="23.978" classname="Test.ParallerBrowserTest"/>
  <testcase name="testcase1" time="48.762" classname="Test.ParallerBrowserTest"/>
</testsuite> <!-- Test.ParallerBrowserTest -->
