<?xml version="1.0" encoding="UTF-8"?>
<!-- Generated by org.testng.reporters.JUnitReportReporter -->
<testsuite name="Listeners.TestCaseListener" tests="4" time="0.019" ignored="0" failures="0" timestamp="17 Oct 2020 14:42:40 GMT" skipped="0" hostname="dell-PC" errors="0">
  <testcase name="four" time="0.002" classname="Listeners.TestCaseListener"/>
  <testcase name="one" time="0.014" classname="Listeners.TestCaseListener"/>
  <testcase name="two" time="0.002" classname="Listeners.TestCaseListener"/>
  <testcase name="three" time="0.001" classname="Listeners.TestCaseListener"/>
</testsuite> <!-- Listeners.TestCaseListener -->
