<?xml version="1.0" encoding="UTF-8"?>
<!-- Generated by org.testng.reporters.JUnitReportReporter -->
<testsuite name="Listeners.TestCaseListener2" tests="3" time="0.006" ignored="0" failures="0" timestamp="16 Oct 2020 17:00:49 GMT" skipped="0" hostname="dell-PC" errors="0">
  <testcase name="TestCase6" time="0.001" classname="Listeners.TestCaseListener2"/>
  <testcase name="TestCase4" time="0.003" classname="Listeners.TestCaseListener2"/>
  <testcase name="TestCase5" time="0.002" classname="Listeners.TestCaseListener2"/>
</testsuite> <!-- Listeners.TestCaseListener2 -->
