<?xml version="1.0" encoding="UTF-8"?>
<!-- Generated by org.testng.reporters.JUnitReportReporter -->
<testsuite name="Test.ExtentReports_Test" tests="2" time="52.563" ignored="0" failures="0" timestamp="10 Oct 2020 12:31:09 GMT" skipped="0" hostname="dell-PC" errors="0">
  <testcase name="TestCase2" time="19.340" classname="Test.ExtentReports_Test"/>
  <testcase name="TestCase1" time="33.223" classname="Test.ExtentReports_Test"/>
</testsuite> <!-- Test.ExtentReports_Test -->
