<?xml version="1.0" encoding="UTF-8"?>
<!-- Generated by org.testng.reporters.JUnitReportReporter -->
<testsuite name="com.Utility.ExcelDataProvider" tests="1" time="0.011" ignored="0" failures="0" timestamp="13 Oct 2020 16:54:33 GMT" skipped="0" hostname="dell-PC" errors="0">
  <testcase name="TestCase1" time="0.011" classname="com.Utility.ExcelDataProvider"/>
</testsuite> <!-- com.Utility.ExcelDataProvider -->
